

Started GET "/" for 127.0.0.1 at 2014-04-03 12:04:20 -0300
Processing by Rails::WelcomeController#index as HTML
  Rendered /Users/codus/.rvm/gems/ruby-2.1.1@codus_templates/gems/railties-4.1.0.rc2/lib/rails/templates/rails/welcome/index.html.erb (3.2ms)
Completed 200 OK in 9ms (Views: 8.5ms | ActiveRecord: 0.0ms)


Started GET "/assets/ace_admin_init.css?body=1" for 127.0.0.1 at 2014-04-03 12:04:27 -0300

ActionController::RoutingError (No route matches [GET] "/assets/ace_admin_init.css"):
  actionpack (4.1.0.rc2) lib/action_dispatch/middleware/debug_exceptions.rb:21:in `call'
  actionpack (4.1.0.rc2) lib/action_dispatch/middleware/show_exceptions.rb:30:in `call'
  railties (4.1.0.rc2) lib/rails/rack/logger.rb:38:in `call_app'
  railties (4.1.0.rc2) lib/rails/rack/logger.rb:20:in `block in call'
  activesupport (4.1.0.rc2) lib/active_support/tagged_logging.rb:68:in `block in tagged'
  activesupport (4.1.0.rc2) lib/active_support/tagged_logging.rb:26:in `tagged'
  activesupport (4.1.0.rc2) lib/active_support/tagged_logging.rb:68:in `tagged'
  railties (4.1.0.rc2) lib/rails/rack/logger.rb:20:in `call'
  actionpack (4.1.0.rc2) lib/action_dispatch/middleware/request_id.rb:21:in `call'
  rack (1.5.2) lib/rack/methodoverride.rb:21:in `call'
  rack (1.5.2) lib/rack/runtime.rb:17:in `call'
  activesupport (4.1.0.rc2) lib/active_support/cache/strategy/local_cache_middleware.rb:26:in `call'
  rack (1.5.2) lib/rack/lock.rb:17:in `call'
  actionpack (4.1.0.rc2) lib/action_dispatch/middleware/static.rb:64:in `call'
  rack (1.5.2) lib/rack/sendfile.rb:112:in `call'
  railties (4.1.0.rc2) lib/rails/engine.rb:515:in `call'
  railties (4.1.0.rc2) lib/rails/application.rb:142:in `call'
  rack (1.5.2) lib/rack/lock.rb:17:in `call'
  rack (1.5.2) lib/rack/content_length.rb:14:in `call'
  rack (1.5.2) lib/rack/handler/webrick.rb:60:in `service'
  /Users/codus/.rvm/rubies/ruby-2.1.1/lib/ruby/2.1.0/webrick/httpserver.rb:138:in `service'
  /Users/codus/.rvm/rubies/ruby-2.1.1/lib/ruby/2.1.0/webrick/httpserver.rb:94:in `run'
  /Users/codus/.rvm/rubies/ruby-2.1.1/lib/ruby/2.1.0/webrick/server.rb:295:in `block in start_thread'


  Rendered /Users/codus/.rvm/gems/ruby-2.1.1@codus_templates/gems/actionpack-4.1.0.rc2/lib/action_dispatch/middleware/templates/rescues/_trace.html.erb (1.2ms)
  Rendered /Users/codus/.rvm/gems/ruby-2.1.1@codus_templates/gems/actionpack-4.1.0.rc2/lib/action_dispatch/middleware/templates/routes/_table.html.erb (26.5ms)
  Rendered /Users/codus/.rvm/gems/ruby-2.1.1@codus_templates/gems/actionpack-4.1.0.rc2/lib/action_dispatch/middleware/templates/rescues/routing_error.html.erb within rescues/layout (38.6ms)


Started GET "/assets/init_ace_admin1.css" for 127.0.0.1 at 2014-04-03 12:04:41 -0300


Started GET "/assets/ace_admin/init1.css" for 127.0.0.1 at 2014-04-03 12:05:14 -0300


Started GET "/assets/ace_admin/init2.css" for 127.0.0.1 at 2014-04-03 12:05:17 -0300


Started GET "/assets/ace_admin/ini32.css" for 127.0.0.1 at 2014-04-03 12:05:33 -0300

ActionController::RoutingError (No route matches [GET] "/assets/ace_admin/ini32.css"):
  actionpack (4.1.0.rc2) lib/action_dispatch/middleware/debug_exceptions.rb:21:in `call'
  actionpack (4.1.0.rc2) lib/action_dispatch/middleware/show_exceptions.rb:30:in `call'
  railties (4.1.0.rc2) lib/rails/rack/logger.rb:38:in `call_app'
  railties (4.1.0.rc2) lib/rails/rack/logger.rb:20:in `block in call'
  activesupport (4.1.0.rc2) lib/active_support/tagged_logging.rb:68:in `block in tagged'
  activesupport (4.1.0.rc2) lib/active_support/tagged_logging.rb:26:in `tagged'
  activesupport (4.1.0.rc2) lib/active_support/tagged_logging.rb:68:in `tagged'
  railties (4.1.0.rc2) lib/rails/rack/logger.rb:20:in `call'
  actionpack (4.1.0.rc2) lib/action_dispatch/middleware/request_id.rb:21:in `call'
  rack (1.5.2) lib/rack/methodoverride.rb:21:in `call'
  rack (1.5.2) lib/rack/runtime.rb:17:in `call'
  activesupport (4.1.0.rc2) lib/active_support/cache/strategy/local_cache_middleware.rb:26:in `call'
  rack (1.5.2) lib/rack/lock.rb:17:in `call'
  actionpack (4.1.0.rc2) lib/action_dispatch/middleware/static.rb:64:in `call'
  rack (1.5.2) lib/rack/sendfile.rb:112:in `call'
  railties (4.1.0.rc2) lib/rails/engine.rb:515:in `call'
  railties (4.1.0.rc2) lib/rails/application.rb:142:in `call'
  rack (1.5.2) lib/rack/lock.rb:17:in `call'
  rack (1.5.2) lib/rack/content_length.rb:14:in `call'
  rack (1.5.2) lib/rack/handler/webrick.rb:60:in `service'
  /Users/codus/.rvm/rubies/ruby-2.1.1/lib/ruby/2.1.0/webrick/httpserver.rb:138:in `service'
  /Users/codus/.rvm/rubies/ruby-2.1.1/lib/ruby/2.1.0/webrick/httpserver.rb:94:in `run'
  /Users/codus/.rvm/rubies/ruby-2.1.1/lib/ruby/2.1.0/webrick/server.rb:295:in `block in start_thread'


  Rendered /Users/codus/.rvm/gems/ruby-2.1.1@codus_templates/gems/actionpack-4.1.0.rc2/lib/action_dispatch/middleware/templates/rescues/_trace.html.erb (1.1ms)
  Rendered /Users/codus/.rvm/gems/ruby-2.1.1@codus_templates/gems/actionpack-4.1.0.rc2/lib/action_dispatch/middleware/templates/routes/_table.html.erb (1.1ms)
  Rendered /Users/codus/.rvm/gems/ruby-2.1.1@codus_templates/gems/actionpack-4.1.0.rc2/lib/action_dispatch/middleware/templates/rescues/routing_error.html.erb within rescues/layout (9.9ms)


Started GET "/assets/ace_admin/ini3.css" for 127.0.0.1 at 2014-04-03 12:05:36 -0300

ActionController::RoutingError (No route matches [GET] "/assets/ace_admin/ini3.css"):
  actionpack (4.1.0.rc2) lib/action_dispatch/middleware/debug_exceptions.rb:21:in `call'
  actionpack (4.1.0.rc2) lib/action_dispatch/middleware/show_exceptions.rb:30:in `call'
  railties (4.1.0.rc2) lib/rails/rack/logger.rb:38:in `call_app'
  railties (4.1.0.rc2) lib/rails/rack/logger.rb:20:in `block in call'
  activesupport (4.1.0.rc2) lib/active_support/tagged_logging.rb:68:in `block in tagged'
  activesupport (4.1.0.rc2) lib/active_support/tagged_logging.rb:26:in `tagged'
  activesupport (4.1.0.rc2) lib/active_support/tagged_logging.rb:68:in `tagged'
  railties (4.1.0.rc2) lib/rails/rack/logger.rb:20:in `call'
  actionpack (4.1.0.rc2) lib/action_dispatch/middleware/request_id.rb:21:in `call'
  rack (1.5.2) lib/rack/methodoverride.rb:21:in `call'
  rack (1.5.2) lib/rack/runtime.rb:17:in `call'
  activesupport (4.1.0.rc2) lib/active_support/cache/strategy/local_cache_middleware.rb:26:in `call'
  rack (1.5.2) lib/rack/lock.rb:17:in `call'
  actionpack (4.1.0.rc2) lib/action_dispatch/middleware/static.rb:64:in `call'
  rack (1.5.2) lib/rack/sendfile.rb:112:in `call'
  railties (4.1.0.rc2) lib/rails/engine.rb:515:in `call'
  railties (4.1.0.rc2) lib/rails/application.rb:142:in `call'
  rack (1.5.2) lib/rack/lock.rb:17:in `call'
  rack (1.5.2) lib/rack/content_length.rb:14:in `call'
  rack (1.5.2) lib/rack/handler/webrick.rb:60:in `service'
  /Users/codus/.rvm/rubies/ruby-2.1.1/lib/ruby/2.1.0/webrick/httpserver.rb:138:in `service'
  /Users/codus/.rvm/rubies/ruby-2.1.1/lib/ruby/2.1.0/webrick/httpserver.rb:94:in `run'
  /Users/codus/.rvm/rubies/ruby-2.1.1/lib/ruby/2.1.0/webrick/server.rb:295:in `block in start_thread'


  Rendered /Users/codus/.rvm/gems/ruby-2.1.1@codus_templates/gems/actionpack-4.1.0.rc2/lib/action_dispatch/middleware/templates/rescues/_trace.html.erb (1.2ms)
  Rendered /Users/codus/.rvm/gems/ruby-2.1.1@codus_templates/gems/actionpack-4.1.0.rc2/lib/action_dispatch/middleware/templates/routes/_table.html.erb (1.2ms)
  Rendered /Users/codus/.rvm/gems/ruby-2.1.1@codus_templates/gems/actionpack-4.1.0.rc2/lib/action_dispatch/middleware/templates/rescues/routing_error.html.erb within rescues/layout (9.7ms)


Started GET "/assets/ace_admin/ini2.css" for 127.0.0.1 at 2014-04-03 12:05:39 -0300

ActionController::RoutingError (No route matches [GET] "/assets/ace_admin/ini2.css"):
  actionpack (4.1.0.rc2) lib/action_dispatch/middleware/debug_exceptions.rb:21:in `call'
  actionpack (4.1.0.rc2) lib/action_dispatch/middleware/show_exceptions.rb:30:in `call'
  railties (4.1.0.rc2) lib/rails/rack/logger.rb:38:in `call_app'
  railties (4.1.0.rc2) lib/rails/rack/logger.rb:20:in `block in call'
  activesupport (4.1.0.rc2) lib/active_support/tagged_logging.rb:68:in `block in tagged'
  activesupport (4.1.0.rc2) lib/active_support/tagged_logging.rb:26:in `tagged'
  activesupport (4.1.0.rc2) lib/active_support/tagged_logging.rb:68:in `tagged'
  railties (4.1.0.rc2) lib/rails/rack/logger.rb:20:in `call'
  actionpack (4.1.0.rc2) lib/action_dispatch/middleware/request_id.rb:21:in `call'
  rack (1.5.2) lib/rack/methodoverride.rb:21:in `call'
  rack (1.5.2) lib/rack/runtime.rb:17:in `call'
  activesupport (4.1.0.rc2) lib/active_support/cache/strategy/local_cache_middleware.rb:26:in `call'
  rack (1.5.2) lib/rack/lock.rb:17:in `call'
  actionpack (4.1.0.rc2) lib/action_dispatch/middleware/static.rb:64:in `call'
  rack (1.5.2) lib/rack/sendfile.rb:112:in `call'
  railties (4.1.0.rc2) lib/rails/engine.rb:515:in `call'
  railties (4.1.0.rc2) lib/rails/application.rb:142:in `call'
  rack (1.5.2) lib/rack/lock.rb:17:in `call'
  rack (1.5.2) lib/rack/content_length.rb:14:in `call'
  rack (1.5.2) lib/rack/handler/webrick.rb:60:in `service'
  /Users/codus/.rvm/rubies/ruby-2.1.1/lib/ruby/2.1.0/webrick/httpserver.rb:138:in `service'
  /Users/codus/.rvm/rubies/ruby-2.1.1/lib/ruby/2.1.0/webrick/httpserver.rb:94:in `run'
  /Users/codus/.rvm/rubies/ruby-2.1.1/lib/ruby/2.1.0/webrick/server.rb:295:in `block in start_thread'


  Rendered /Users/codus/.rvm/gems/ruby-2.1.1@codus_templates/gems/actionpack-4.1.0.rc2/lib/action_dispatch/middleware/templates/rescues/_trace.html.erb (1.1ms)
  Rendered /Users/codus/.rvm/gems/ruby-2.1.1@codus_templates/gems/actionpack-4.1.0.rc2/lib/action_dispatch/middleware/templates/routes/_table.html.erb (1.1ms)
  Rendered /Users/codus/.rvm/gems/ruby-2.1.1@codus_templates/gems/actionpack-4.1.0.rc2/lib/action_dispatch/middleware/templates/rescues/routing_error.html.erb within rescues/layout (9.9ms)


Started GET "/assets/ace_admin/init2.css" for 127.0.0.1 at 2014-04-03 12:05:41 -0300


Started GET "/assets/ace_admin/init2.css" for 127.0.0.1 at 2014-04-03 12:06:02 -0300


Started GET "/assets/ace_admin/init2.css" for 127.0.0.1 at 2014-04-03 12:06:18 -0300


Started GET "/assets/ace_admin/init2.css" for 127.0.0.1 at 2014-04-03 12:06:25 -0300


Started GET "/assets/ace_admin/init2.css" for 127.0.0.1 at 2014-04-03 12:06:25 -0300


Started GET "/assets/ace_admin/init2.css" for 127.0.0.1 at 2014-04-03 12:06:27 -0300


Started GET "/assets/ace_admin/init1.css" for 127.0.0.1 at 2014-04-03 12:06:30 -0300


Started GET "/assets/ace_admin/init1.css" for 127.0.0.1 at 2014-04-03 12:07:23 -0300


Started GET "/assets/ace_admin/init1.css" for 127.0.0.1 at 2014-04-03 12:07:23 -0300


Started GET "/assets/ace_admin/init1.css" for 127.0.0.1 at 2014-04-03 12:07:34 -0300


Started GET "/assets/ace_admin/init1.css" for 127.0.0.1 at 2014-04-03 12:07:37 -0300


Started GET "/" for 127.0.0.1 at 2014-04-03 12:08:14 -0300
Processing by Rails::WelcomeController#index as HTML
  Rendered /Users/codus/.rvm/gems/ruby-2.1.1@codus_templates/gems/railties-4.1.0.rc2/lib/rails/templates/rails/welcome/index.html.erb (0.1ms)
Completed 200 OK in 2ms (Views: 1.3ms | ActiveRecord: 0.0ms)


Started GET "/" for 127.0.0.1 at 2014-04-03 12:09:18 -0300
Processing by Rails::WelcomeController#index as HTML
  Rendered /Users/codus/.rvm/gems/ruby-2.1.1@codus_templates/gems/railties-4.1.0.rc2/lib/rails/templates/rails/welcome/index.html.erb (0.0ms)
Completed 200 OK in 1ms (Views: 1.2ms | ActiveRecord: 0.0ms)


Started GET "/assets/ace_admin/init1.css" for 127.0.0.1 at 2014-04-03 12:09:21 -0300


Started GET "/assets/ace_admin/init2.css" for 127.0.0.1 at 2014-04-03 12:09:27 -0300


Started GET "/assets/ace_admin/init2.css" for 127.0.0.1 at 2014-04-03 12:09:35 -0300


Started GET "/assets/ace_admin/fontawesome-webfont.svg" for 127.0.0.1 at 2014-04-03 12:12:05 -0300


Started GET "/assets/ace_admin/fontawesome-webfont.svg" for 127.0.0.1 at 2014-04-03 12:12:09 -0300


Started GET "/assets/ace_admin/fontawesome-webfont.svg" for 127.0.0.1 at 2014-04-03 12:12:09 -0300


Started GET "/assets/ace_admin/fontawesome-webfont.svg" for 127.0.0.1 at 2014-04-03 12:12:09 -0300


Started GET "/" for 127.0.0.1 at 2014-04-03 14:34:14 -0300

Gem::LoadError (Specified 'sqlite3' for database adapter, but the gem is not loaded. Add `gem 'sqlite3'` to your Gemfile (and ensure its version is at the minimum required by ActiveRecord).):
  activerecord (4.1.0.rc1) lib/active_record/connection_adapters/connection_specification.rb:163:in `rescue in spec'
  activerecord (4.1.0.rc1) lib/active_record/connection_adapters/connection_specification.rb:160:in `spec'
  activerecord (4.1.0.rc1) lib/active_record/connection_handling.rb:50:in `establish_connection'
  activerecord (4.1.0.rc1) lib/active_record/railtie.rb:129:in `block (2 levels) in <class:Railtie>'
  activesupport (4.1.0.rc1) lib/active_support/lazy_load_hooks.rb:38:in `instance_eval'
  activesupport (4.1.0.rc1) lib/active_support/lazy_load_hooks.rb:38:in `execute_hook'
  activesupport (4.1.0.rc1) lib/active_support/lazy_load_hooks.rb:45:in `block in run_load_hooks'
  activesupport (4.1.0.rc1) lib/active_support/lazy_load_hooks.rb:44:in `each'
  activesupport (4.1.0.rc1) lib/active_support/lazy_load_hooks.rb:44:in `run_load_hooks'
  activerecord (4.1.0.rc1) lib/active_record/base.rb:326:in `<module:ActiveRecord>'
  activerecord (4.1.0.rc1) lib/active_record/base.rb:23:in `<top (required)>'
  activerecord (4.1.0.rc1) lib/active_record/connection_adapters/abstract/connection_pool.rb:628:in `rescue in call'
  activerecord (4.1.0.rc1) lib/active_record/connection_adapters/abstract/connection_pool.rb:619:in `call'
  activerecord (4.1.0.rc1) lib/active_record/migration.rb:380:in `call'
  actionpack (4.1.0.rc1) lib/action_dispatch/middleware/callbacks.rb:29:in `block in call'
  activesupport (4.1.0.rc1) lib/active_support/callbacks.rb:82:in `run_callbacks'
  actionpack (4.1.0.rc1) lib/action_dispatch/middleware/callbacks.rb:27:in `call'
  actionpack (4.1.0.rc1) lib/action_dispatch/middleware/reloader.rb:73:in `call'
  actionpack (4.1.0.rc1) lib/action_dispatch/middleware/remote_ip.rb:76:in `call'
  actionpack (4.1.0.rc1) lib/action_dispatch/middleware/debug_exceptions.rb:17:in `call'
  actionpack (4.1.0.rc1) lib/action_dispatch/middleware/show_exceptions.rb:30:in `call'
  railties (4.1.0.rc1) lib/rails/rack/logger.rb:38:in `call_app'
  railties (4.1.0.rc1) lib/rails/rack/logger.rb:20:in `block in call'
  activesupport (4.1.0.rc1) lib/active_support/tagged_logging.rb:68:in `block in tagged'
  activesupport (4.1.0.rc1) lib/active_support/tagged_logging.rb:26:in `tagged'
  activesupport (4.1.0.rc1) lib/active_support/tagged_logging.rb:68:in `tagged'
  railties (4.1.0.rc1) lib/rails/rack/logger.rb:20:in `call'
  actionpack (4.1.0.rc1) lib/action_dispatch/middleware/request_id.rb:21:in `call'
  rack (1.5.2) lib/rack/methodoverride.rb:21:in `call'
  rack (1.5.2) lib/rack/runtime.rb:17:in `call'
  activesupport (4.1.0.rc1) lib/active_support/cache/strategy/local_cache.rb:87:in `call'
  rack (1.5.2) lib/rack/lock.rb:17:in `call'
  actionpack (4.1.0.rc1) lib/action_dispatch/middleware/static.rb:64:in `call'
  rack (1.5.2) lib/rack/sendfile.rb:112:in `call'
  railties (4.1.0.rc1) lib/rails/engine.rb:515:in `call'
  railties (4.1.0.rc1) lib/rails/application.rb:142:in `call'
  rack (1.5.2) lib/rack/lock.rb:17:in `call'
  rack (1.5.2) lib/rack/content_length.rb:14:in `call'
  rack (1.5.2) lib/rack/handler/webrick.rb:60:in `service'
  /Users/codus/.rvm/rubies/ruby-2.1.1/lib/ruby/2.1.0/webrick/httpserver.rb:138:in `service'
  /Users/codus/.rvm/rubies/ruby-2.1.1/lib/ruby/2.1.0/webrick/httpserver.rb:94:in `run'
  /Users/codus/.rvm/rubies/ruby-2.1.1/lib/ruby/2.1.0/webrick/server.rb:295:in `block in start_thread'




Started GET "/" for 127.0.0.1 at 2014-04-03 14:39:18 -0300
Processing by Rails::WelcomeController#index as HTML
  Rendered /Users/codus/.rvm/gems/ruby-2.1.1@namespaced_assets_rails/gems/railties-4.1.0.rc2/lib/rails/templates/rails/welcome/index.html.erb (1.9ms)
  Rendered /Users/codus/.rvm/gems/ruby-2.1.1@namespaced_assets_rails/gems/railties-4.1.0.rc2/lib/rails/templates/rails/welcome/index.html.erb (0.0ms)
Completed 200 OK in 7ms (Views: 7.2ms | ActiveRecord: 0.0ms)


Started GET "/" for 127.0.0.1 at 2014-04-03 14:40:24 -0300
Processing by ApplicationController#index as HTML
  Rendered application/index.html.slim within layouts/application (13.8ms)
  Rendered application/index.html.slim within layouts/application (0.0ms)
Completed 200 OK in 69ms (Views: 68.6ms | ActiveRecord: 0.0ms)


Started GET "/stylesheets/init_ace_admin2.css" for 127.0.0.1 at 2014-04-03 14:40:25 -0300

ActionController::RoutingError (No route matches [GET] "/stylesheets/init_ace_admin2.css"):
  actionpack (4.1.0.rc2) lib/action_dispatch/middleware/debug_exceptions.rb:21:in `call'
  actionpack (4.1.0.rc2) lib/action_dispatch/middleware/show_exceptions.rb:30:in `call'
  railties (4.1.0.rc2) lib/rails/rack/logger.rb:38:in `call_app'
  railties (4.1.0.rc2) lib/rails/rack/logger.rb:20:in `block in call'
  activesupport (4.1.0.rc2) lib/active_support/tagged_logging.rb:68:in `block in tagged'
  activesupport (4.1.0.rc2) lib/active_support/tagged_logging.rb:26:in `tagged'
  activesupport (4.1.0.rc2) lib/active_support/tagged_logging.rb:68:in `tagged'
  railties (4.1.0.rc2) lib/rails/rack/logger.rb:20:in `call'
  actionpack (4.1.0.rc2) lib/action_dispatch/middleware/request_id.rb:21:in `call'
  rack (1.5.2) lib/rack/methodoverride.rb:21:in `call'
  rack (1.5.2) lib/rack/runtime.rb:17:in `call'
  activesupport (4.1.0.rc2) lib/active_support/cache/strategy/local_cache_middleware.rb:26:in `call'
  rack (1.5.2) lib/rack/lock.rb:17:in `call'
  actionpack (4.1.0.rc2) lib/action_dispatch/middleware/static.rb:64:in `call'
  rack (1.5.2) lib/rack/sendfile.rb:112:in `call'
  railties (4.1.0.rc2) lib/rails/engine.rb:515:in `call'
  railties (4.1.0.rc2) lib/rails/application.rb:142:in `call'
  rack (1.5.2) lib/rack/lock.rb:17:in `call'
  rack (1.5.2) lib/rack/content_length.rb:14:in `call'
  rack (1.5.2) lib/rack/handler/webrick.rb:60:in `service'
  /Users/codus/.rvm/rubies/ruby-2.1.1/lib/ruby/2.1.0/webrick/httpserver.rb:138:in `service'
  /Users/codus/.rvm/rubies/ruby-2.1.1/lib/ruby/2.1.0/webrick/httpserver.rb:94:in `run'
  /Users/codus/.rvm/rubies/ruby-2.1.1/lib/ruby/2.1.0/webrick/server.rb:295:in `block in start_thread'




Started GET "/stylesheets/init_ace_admin1.css" for 127.0.0.1 at 2014-04-03 14:40:25 -0300

ActionController::RoutingError (No route matches [GET] "/stylesheets/init_ace_admin1.css"):
  actionpack (4.1.0.rc2) lib/action_dispatch/middleware/debug_exceptions.rb:21:in `call'
  actionpack (4.1.0.rc2) lib/action_dispatch/middleware/show_exceptions.rb:30:in `call'
  railties (4.1.0.rc2) lib/rails/rack/logger.rb:38:in `call_app'
  railties (4.1.0.rc2) lib/rails/rack/logger.rb:20:in `block in call'
  activesupport (4.1.0.rc2) lib/active_support/tagged_logging.rb:68:in `block in tagged'
  activesupport (4.1.0.rc2) lib/active_support/tagged_logging.rb:26:in `tagged'
  activesupport (4.1.0.rc2) lib/active_support/tagged_logging.rb:68:in `tagged'
  railties (4.1.0.rc2) lib/rails/rack/logger.rb:20:in `call'
  actionpack (4.1.0.rc2) lib/action_dispatch/middleware/request_id.rb:21:in `call'
  rack (1.5.2) lib/rack/methodoverride.rb:21:in `call'
  rack (1.5.2) lib/rack/runtime.rb:17:in `call'
  activesupport (4.1.0.rc2) lib/active_support/cache/strategy/local_cache_middleware.rb:26:in `call'
  rack (1.5.2) lib/rack/lock.rb:17:in `call'
  actionpack (4.1.0.rc2) lib/action_dispatch/middleware/static.rb:64:in `call'
  rack (1.5.2) lib/rack/sendfile.rb:112:in `call'
  railties (4.1.0.rc2) lib/rails/engine.rb:515:in `call'
  railties (4.1.0.rc2) lib/rails/application.rb:142:in `call'
  rack (1.5.2) lib/rack/lock.rb:17:in `call'
  rack (1.5.2) lib/rack/content_length.rb:14:in `call'
  rack (1.5.2) lib/rack/handler/webrick.rb:60:in `service'
  /Users/codus/.rvm/rubies/ruby-2.1.1/lib/ruby/2.1.0/webrick/httpserver.rb:138:in `service'
  /Users/codus/.rvm/rubies/ruby-2.1.1/lib/ruby/2.1.0/webrick/httpserver.rb:94:in `run'
  /Users/codus/.rvm/rubies/ruby-2.1.1/lib/ruby/2.1.0/webrick/server.rb:295:in `block in start_thread'




Started GET "/javascripts/init_ace_admin.js" for 127.0.0.1 at 2014-04-03 14:40:25 -0300

ActionController::RoutingError (No route matches [GET] "/javascripts/init_ace_admin.js"):
  actionpack (4.1.0.rc2) lib/action_dispatch/middleware/debug_exceptions.rb:21:in `call'
  actionpack (4.1.0.rc2) lib/action_dispatch/middleware/show_exceptions.rb:30:in `call'
  railties (4.1.0.rc2) lib/rails/rack/logger.rb:38:in `call_app'
  railties (4.1.0.rc2) lib/rails/rack/logger.rb:20:in `block in call'
  activesupport (4.1.0.rc2) lib/active_support/tagged_logging.rb:68:in `block in tagged'
  activesupport (4.1.0.rc2) lib/active_support/tagged_logging.rb:26:in `tagged'
  activesupport (4.1.0.rc2) lib/active_support/tagged_logging.rb:68:in `tagged'
  railties (4.1.0.rc2) lib/rails/rack/logger.rb:20:in `call'
  actionpack (4.1.0.rc2) lib/action_dispatch/middleware/request_id.rb:21:in `call'
  rack (1.5.2) lib/rack/methodoverride.rb:21:in `call'
  rack (1.5.2) lib/rack/runtime.rb:17:in `call'
  activesupport (4.1.0.rc2) lib/active_support/cache/strategy/local_cache_middleware.rb:26:in `call'
  rack (1.5.2) lib/rack/lock.rb:17:in `call'
  actionpack (4.1.0.rc2) lib/action_dispatch/middleware/static.rb:64:in `call'
  rack (1.5.2) lib/rack/sendfile.rb:112:in `call'
  railties (4.1.0.rc2) lib/rails/engine.rb:515:in `call'
  railties (4.1.0.rc2) lib/rails/application.rb:142:in `call'
  rack (1.5.2) lib/rack/lock.rb:17:in `call'
  rack (1.5.2) lib/rack/content_length.rb:14:in `call'
  rack (1.5.2) lib/rack/handler/webrick.rb:60:in `service'
  /Users/codus/.rvm/rubies/ruby-2.1.1/lib/ruby/2.1.0/webrick/httpserver.rb:138:in `service'
  /Users/codus/.rvm/rubies/ruby-2.1.1/lib/ruby/2.1.0/webrick/httpserver.rb:94:in `run'
  /Users/codus/.rvm/rubies/ruby-2.1.1/lib/ruby/2.1.0/webrick/server.rb:295:in `block in start_thread'




Started GET "/" for 127.0.0.1 at 2014-04-03 14:40:41 -0300

AbstractController::ActionNotFound (The action 'index' could not be found for ApplicationController):
  actionpack (4.1.0.rc2) lib/abstract_controller/base.rb:131:in `process'
  actionview (4.1.0.rc2) lib/action_view/rendering.rb:30:in `process'
  actionpack (4.1.0.rc2) lib/action_controller/metal.rb:195:in `dispatch'
  actionpack (4.1.0.rc2) lib/action_controller/metal/rack_delegation.rb:13:in `dispatch'
  actionpack (4.1.0.rc2) lib/action_controller/metal.rb:231:in `block in action'
  actionpack (4.1.0.rc2) lib/action_dispatch/routing/route_set.rb:80:in `call'
  actionpack (4.1.0.rc2) lib/action_dispatch/routing/route_set.rb:80:in `dispatch'
  actionpack (4.1.0.rc2) lib/action_dispatch/routing/route_set.rb:48:in `call'
  actionpack (4.1.0.rc2) lib/action_dispatch/journey/router.rb:71:in `block in call'
  actionpack (4.1.0.rc2) lib/action_dispatch/journey/router.rb:59:in `each'
  actionpack (4.1.0.rc2) lib/action_dispatch/journey/router.rb:59:in `call'
  actionpack (4.1.0.rc2) lib/action_dispatch/routing/route_set.rb:676:in `call'
  rack (1.5.2) lib/rack/etag.rb:23:in `call'
  rack (1.5.2) lib/rack/conditionalget.rb:25:in `call'
  rack (1.5.2) lib/rack/head.rb:11:in `call'
  actionpack (4.1.0.rc2) lib/action_dispatch/middleware/params_parser.rb:27:in `call'
  actionpack (4.1.0.rc2) lib/action_dispatch/middleware/flash.rb:254:in `call'
  rack (1.5.2) lib/rack/session/abstract/id.rb:225:in `context'
  rack (1.5.2) lib/rack/session/abstract/id.rb:220:in `call'
  actionpack (4.1.0.rc2) lib/action_dispatch/middleware/cookies.rb:560:in `call'
  activerecord (4.1.0.rc2) lib/active_record/query_cache.rb:36:in `call'
  activerecord (4.1.0.rc2) lib/active_record/connection_adapters/abstract/connection_pool.rb:621:in `call'
  activerecord (4.1.0.rc2) lib/active_record/migration.rb:380:in `call'
  actionpack (4.1.0.rc2) lib/action_dispatch/middleware/callbacks.rb:29:in `block in call'
  activesupport (4.1.0.rc2) lib/active_support/callbacks.rb:82:in `run_callbacks'
  actionpack (4.1.0.rc2) lib/action_dispatch/middleware/callbacks.rb:27:in `call'
  actionpack (4.1.0.rc2) lib/action_dispatch/middleware/reloader.rb:73:in `call'
  actionpack (4.1.0.rc2) lib/action_dispatch/middleware/remote_ip.rb:76:in `call'
  actionpack (4.1.0.rc2) lib/action_dispatch/middleware/debug_exceptions.rb:17:in `call'
  actionpack (4.1.0.rc2) lib/action_dispatch/middleware/show_exceptions.rb:30:in `call'
  railties (4.1.0.rc2) lib/rails/rack/logger.rb:38:in `call_app'
  railties (4.1.0.rc2) lib/rails/rack/logger.rb:20:in `block in call'
  activesupport (4.1.0.rc2) lib/active_support/tagged_logging.rb:68:in `block in tagged'
  activesupport (4.1.0.rc2) lib/active_support/tagged_logging.rb:26:in `tagged'
  activesupport (4.1.0.rc2) lib/active_support/tagged_logging.rb:68:in `tagged'
  railties (4.1.0.rc2) lib/rails/rack/logger.rb:20:in `call'
  actionpack (4.1.0.rc2) lib/action_dispatch/middleware/request_id.rb:21:in `call'
  rack (1.5.2) lib/rack/methodoverride.rb:21:in `call'
  rack (1.5.2) lib/rack/runtime.rb:17:in `call'
  activesupport (4.1.0.rc2) lib/active_support/cache/strategy/local_cache_middleware.rb:26:in `call'
  rack (1.5.2) lib/rack/lock.rb:17:in `call'
  actionpack (4.1.0.rc2) lib/action_dispatch/middleware/static.rb:64:in `call'
  rack (1.5.2) lib/rack/sendfile.rb:112:in `call'
  railties (4.1.0.rc2) lib/rails/engine.rb:515:in `call'
  railties (4.1.0.rc2) lib/rails/application.rb:142:in `call'
  rack (1.5.2) lib/rack/lock.rb:17:in `call'
  rack (1.5.2) lib/rack/content_length.rb:14:in `call'
  rack (1.5.2) lib/rack/handler/webrick.rb:60:in `service'
  /Users/codus/.rvm/rubies/ruby-2.1.1/lib/ruby/2.1.0/webrick/httpserver.rb:138:in `service'
  /Users/codus/.rvm/rubies/ruby-2.1.1/lib/ruby/2.1.0/webrick/httpserver.rb:94:in `run'
  /Users/codus/.rvm/rubies/ruby-2.1.1/lib/ruby/2.1.0/webrick/server.rb:295:in `block in start_thread'




Started GET "/" for 127.0.0.1 at 2014-04-03 14:40:55 -0300
Processing by ApplicationController#index as HTML
  Rendered application/test.html.slim within layouts/application (2.0ms)
  Rendered application/test.html.slim within layouts/application (0.0ms)
Completed 200 OK in 37ms (Views: 37.0ms | ActiveRecord: 0.0ms)


Started GET "/stylesheets/init_ace_admin1.css" for 127.0.0.1 at 2014-04-03 14:40:55 -0300

ActionController::RoutingError (No route matches [GET] "/stylesheets/init_ace_admin1.css"):
  actionpack (4.1.0.rc2) lib/action_dispatch/middleware/debug_exceptions.rb:21:in `call'
  actionpack (4.1.0.rc2) lib/action_dispatch/middleware/show_exceptions.rb:30:in `call'
  railties (4.1.0.rc2) lib/rails/rack/logger.rb:38:in `call_app'
  railties (4.1.0.rc2) lib/rails/rack/logger.rb:20:in `block in call'
  activesupport (4.1.0.rc2) lib/active_support/tagged_logging.rb:68:in `block in tagged'
  activesupport (4.1.0.rc2) lib/active_support/tagged_logging.rb:26:in `tagged'
  activesupport (4.1.0.rc2) lib/active_support/tagged_logging.rb:68:in `tagged'
  railties (4.1.0.rc2) lib/rails/rack/logger.rb:20:in `call'
  actionpack (4.1.0.rc2) lib/action_dispatch/middleware/request_id.rb:21:in `call'
  rack (1.5.2) lib/rack/methodoverride.rb:21:in `call'
  rack (1.5.2) lib/rack/runtime.rb:17:in `call'
  activesupport (4.1.0.rc2) lib/active_support/cache/strategy/local_cache_middleware.rb:26:in `call'
  rack (1.5.2) lib/rack/lock.rb:17:in `call'
  actionpack (4.1.0.rc2) lib/action_dispatch/middleware/static.rb:64:in `call'
  rack (1.5.2) lib/rack/sendfile.rb:112:in `call'
  railties (4.1.0.rc2) lib/rails/engine.rb:515:in `call'
  railties (4.1.0.rc2) lib/rails/application.rb:142:in `call'
  rack (1.5.2) lib/rack/lock.rb:17:in `call'
  rack (1.5.2) lib/rack/content_length.rb:14:in `call'
  rack (1.5.2) lib/rack/handler/webrick.rb:60:in `service'
  /Users/codus/.rvm/rubies/ruby-2.1.1/lib/ruby/2.1.0/webrick/httpserver.rb:138:in `service'
  /Users/codus/.rvm/rubies/ruby-2.1.1/lib/ruby/2.1.0/webrick/httpserver.rb:94:in `run'
  /Users/codus/.rvm/rubies/ruby-2.1.1/lib/ruby/2.1.0/webrick/server.rb:295:in `block in start_thread'




Started GET "/stylesheets/init_ace_admin2.css" for 127.0.0.1 at 2014-04-03 14:40:55 -0300

ActionController::RoutingError (No route matches [GET] "/stylesheets/init_ace_admin2.css"):
  actionpack (4.1.0.rc2) lib/action_dispatch/middleware/debug_exceptions.rb:21:in `call'
  actionpack (4.1.0.rc2) lib/action_dispatch/middleware/show_exceptions.rb:30:in `call'
  railties (4.1.0.rc2) lib/rails/rack/logger.rb:38:in `call_app'
  railties (4.1.0.rc2) lib/rails/rack/logger.rb:20:in `block in call'
  activesupport (4.1.0.rc2) lib/active_support/tagged_logging.rb:68:in `block in tagged'
  activesupport (4.1.0.rc2) lib/active_support/tagged_logging.rb:26:in `tagged'
  activesupport (4.1.0.rc2) lib/active_support/tagged_logging.rb:68:in `tagged'
  railties (4.1.0.rc2) lib/rails/rack/logger.rb:20:in `call'
  actionpack (4.1.0.rc2) lib/action_dispatch/middleware/request_id.rb:21:in `call'
  rack (1.5.2) lib/rack/methodoverride.rb:21:in `call'
  rack (1.5.2) lib/rack/runtime.rb:17:in `call'
  activesupport (4.1.0.rc2) lib/active_support/cache/strategy/local_cache_middleware.rb:26:in `call'
  rack (1.5.2) lib/rack/lock.rb:17:in `call'
  actionpack (4.1.0.rc2) lib/action_dispatch/middleware/static.rb:64:in `call'
  rack (1.5.2) lib/rack/sendfile.rb:112:in `call'
  railties (4.1.0.rc2) lib/rails/engine.rb:515:in `call'
  railties (4.1.0.rc2) lib/rails/application.rb:142:in `call'
  rack (1.5.2) lib/rack/lock.rb:17:in `call'
  rack (1.5.2) lib/rack/content_length.rb:14:in `call'
  rack (1.5.2) lib/rack/handler/webrick.rb:60:in `service'
  /Users/codus/.rvm/rubies/ruby-2.1.1/lib/ruby/2.1.0/webrick/httpserver.rb:138:in `service'
  /Users/codus/.rvm/rubies/ruby-2.1.1/lib/ruby/2.1.0/webrick/httpserver.rb:94:in `run'
  /Users/codus/.rvm/rubies/ruby-2.1.1/lib/ruby/2.1.0/webrick/server.rb:295:in `block in start_thread'




Started GET "/javascripts/init_ace_admin.js" for 127.0.0.1 at 2014-04-03 14:40:55 -0300

ActionController::RoutingError (No route matches [GET] "/javascripts/init_ace_admin.js"):
  actionpack (4.1.0.rc2) lib/action_dispatch/middleware/debug_exceptions.rb:21:in `call'
  actionpack (4.1.0.rc2) lib/action_dispatch/middleware/show_exceptions.rb:30:in `call'
  railties (4.1.0.rc2) lib/rails/rack/logger.rb:38:in `call_app'
  railties (4.1.0.rc2) lib/rails/rack/logger.rb:20:in `block in call'
  activesupport (4.1.0.rc2) lib/active_support/tagged_logging.rb:68:in `block in tagged'
  activesupport (4.1.0.rc2) lib/active_support/tagged_logging.rb:26:in `tagged'
  activesupport (4.1.0.rc2) lib/active_support/tagged_logging.rb:68:in `tagged'
  railties (4.1.0.rc2) lib/rails/rack/logger.rb:20:in `call'
  actionpack (4.1.0.rc2) lib/action_dispatch/middleware/request_id.rb:21:in `call'
  rack (1.5.2) lib/rack/methodoverride.rb:21:in `call'
  rack (1.5.2) lib/rack/runtime.rb:17:in `call'
  activesupport (4.1.0.rc2) lib/active_support/cache/strategy/local_cache_middleware.rb:26:in `call'
  rack (1.5.2) lib/rack/lock.rb:17:in `call'
  actionpack (4.1.0.rc2) lib/action_dispatch/middleware/static.rb:64:in `call'
  rack (1.5.2) lib/rack/sendfile.rb:112:in `call'
  railties (4.1.0.rc2) lib/rails/engine.rb:515:in `call'
  railties (4.1.0.rc2) lib/rails/application.rb:142:in `call'
  rack (1.5.2) lib/rack/lock.rb:17:in `call'
  rack (1.5.2) lib/rack/content_length.rb:14:in `call'
  rack (1.5.2) lib/rack/handler/webrick.rb:60:in `service'
  /Users/codus/.rvm/rubies/ruby-2.1.1/lib/ruby/2.1.0/webrick/httpserver.rb:138:in `service'
  /Users/codus/.rvm/rubies/ruby-2.1.1/lib/ruby/2.1.0/webrick/httpserver.rb:94:in `run'
  /Users/codus/.rvm/rubies/ruby-2.1.1/lib/ruby/2.1.0/webrick/server.rb:295:in `block in start_thread'




Started GET "/" for 127.0.0.1 at 2014-04-03 14:41:46 -0300
Processing by ApplicationController#index as HTML
  Rendered application/_text/_my_partial.html.slim (2.2ms)
  Rendered application/test.html.slim within layouts/application (7.1ms)
  Rendered application/_text/_my_partial.html.slim (0.0ms)
  Rendered application/test.html.slim within layouts/application (0.7ms)
Completed 200 OK in 45ms (Views: 44.9ms | ActiveRecord: 0.0ms)


Started GET "/stylesheets/init_ace_admin1.css" for 127.0.0.1 at 2014-04-03 14:41:46 -0300

ActionController::RoutingError (No route matches [GET] "/stylesheets/init_ace_admin1.css"):
  actionpack (4.1.0.rc2) lib/action_dispatch/middleware/debug_exceptions.rb:21:in `call'
  actionpack (4.1.0.rc2) lib/action_dispatch/middleware/show_exceptions.rb:30:in `call'
  railties (4.1.0.rc2) lib/rails/rack/logger.rb:38:in `call_app'
  railties (4.1.0.rc2) lib/rails/rack/logger.rb:20:in `block in call'
  activesupport (4.1.0.rc2) lib/active_support/tagged_logging.rb:68:in `block in tagged'
  activesupport (4.1.0.rc2) lib/active_support/tagged_logging.rb:26:in `tagged'
  activesupport (4.1.0.rc2) lib/active_support/tagged_logging.rb:68:in `tagged'
  railties (4.1.0.rc2) lib/rails/rack/logger.rb:20:in `call'
  actionpack (4.1.0.rc2) lib/action_dispatch/middleware/request_id.rb:21:in `call'
  rack (1.5.2) lib/rack/methodoverride.rb:21:in `call'
  rack (1.5.2) lib/rack/runtime.rb:17:in `call'
  activesupport (4.1.0.rc2) lib/active_support/cache/strategy/local_cache_middleware.rb:26:in `call'
  rack (1.5.2) lib/rack/lock.rb:17:in `call'
  actionpack (4.1.0.rc2) lib/action_dispatch/middleware/static.rb:64:in `call'
  rack (1.5.2) lib/rack/sendfile.rb:112:in `call'
  railties (4.1.0.rc2) lib/rails/engine.rb:515:in `call'
  railties (4.1.0.rc2) lib/rails/application.rb:142:in `call'
  rack (1.5.2) lib/rack/lock.rb:17:in `call'
  rack (1.5.2) lib/rack/content_length.rb:14:in `call'
  rack (1.5.2) lib/rack/handler/webrick.rb:60:in `service'
  /Users/codus/.rvm/rubies/ruby-2.1.1/lib/ruby/2.1.0/webrick/httpserver.rb:138:in `service'
  /Users/codus/.rvm/rubies/ruby-2.1.1/lib/ruby/2.1.0/webrick/httpserver.rb:94:in `run'
  /Users/codus/.rvm/rubies/ruby-2.1.1/lib/ruby/2.1.0/webrick/server.rb:295:in `block in start_thread'




Started GET "/javascripts/init_ace_admin.js" for 127.0.0.1 at 2014-04-03 14:41:46 -0300

ActionController::RoutingError (No route matches [GET] "/javascripts/init_ace_admin.js"):
  actionpack (4.1.0.rc2) lib/action_dispatch/middleware/debug_exceptions.rb:21:in `call'
  actionpack (4.1.0.rc2) lib/action_dispatch/middleware/show_exceptions.rb:30:in `call'
  railties (4.1.0.rc2) lib/rails/rack/logger.rb:38:in `call_app'
  railties (4.1.0.rc2) lib/rails/rack/logger.rb:20:in `block in call'
  activesupport (4.1.0.rc2) lib/active_support/tagged_logging.rb:68:in `block in tagged'
  activesupport (4.1.0.rc2) lib/active_support/tagged_logging.rb:26:in `tagged'
  activesupport (4.1.0.rc2) lib/active_support/tagged_logging.rb:68:in `tagged'
  railties (4.1.0.rc2) lib/rails/rack/logger.rb:20:in `call'
  actionpack (4.1.0.rc2) lib/action_dispatch/middleware/request_id.rb:21:in `call'
  rack (1.5.2) lib/rack/methodoverride.rb:21:in `call'
  rack (1.5.2) lib/rack/runtime.rb:17:in `call'
  activesupport (4.1.0.rc2) lib/active_support/cache/strategy/local_cache_middleware.rb:26:in `call'
  rack (1.5.2) lib/rack/lock.rb:17:in `call'
  actionpack (4.1.0.rc2) lib/action_dispatch/middleware/static.rb:64:in `call'
  rack (1.5.2) lib/rack/sendfile.rb:112:in `call'
  railties (4.1.0.rc2) lib/rails/engine.rb:515:in `call'
  railties (4.1.0.rc2) lib/rails/application.rb:142:in `call'
  rack (1.5.2) lib/rack/lock.rb:17:in `call'
  rack (1.5.2) lib/rack/content_length.rb:14:in `call'
  rack (1.5.2) lib/rack/handler/webrick.rb:60:in `service'
  /Users/codus/.rvm/rubies/ruby-2.1.1/lib/ruby/2.1.0/webrick/httpserver.rb:138:in `service'
  /Users/codus/.rvm/rubies/ruby-2.1.1/lib/ruby/2.1.0/webrick/httpserver.rb:94:in `run'
  /Users/codus/.rvm/rubies/ruby-2.1.1/lib/ruby/2.1.0/webrick/server.rb:295:in `block in start_thread'




Started GET "/stylesheets/init_ace_admin2.css" for 127.0.0.1 at 2014-04-03 14:41:46 -0300

ActionController::RoutingError (No route matches [GET] "/stylesheets/init_ace_admin2.css"):
  actionpack (4.1.0.rc2) lib/action_dispatch/middleware/debug_exceptions.rb:21:in `call'
  actionpack (4.1.0.rc2) lib/action_dispatch/middleware/show_exceptions.rb:30:in `call'
  railties (4.1.0.rc2) lib/rails/rack/logger.rb:38:in `call_app'
  railties (4.1.0.rc2) lib/rails/rack/logger.rb:20:in `block in call'
  activesupport (4.1.0.rc2) lib/active_support/tagged_logging.rb:68:in `block in tagged'
  activesupport (4.1.0.rc2) lib/active_support/tagged_logging.rb:26:in `tagged'
  activesupport (4.1.0.rc2) lib/active_support/tagged_logging.rb:68:in `tagged'
  railties (4.1.0.rc2) lib/rails/rack/logger.rb:20:in `call'
  actionpack (4.1.0.rc2) lib/action_dispatch/middleware/request_id.rb:21:in `call'
  rack (1.5.2) lib/rack/methodoverride.rb:21:in `call'
  rack (1.5.2) lib/rack/runtime.rb:17:in `call'
  activesupport (4.1.0.rc2) lib/active_support/cache/strategy/local_cache_middleware.rb:26:in `call'
  rack (1.5.2) lib/rack/lock.rb:17:in `call'
  actionpack (4.1.0.rc2) lib/action_dispatch/middleware/static.rb:64:in `call'
  rack (1.5.2) lib/rack/sendfile.rb:112:in `call'
  railties (4.1.0.rc2) lib/rails/engine.rb:515:in `call'
  railties (4.1.0.rc2) lib/rails/application.rb:142:in `call'
  rack (1.5.2) lib/rack/lock.rb:17:in `call'
  rack (1.5.2) lib/rack/content_length.rb:14:in `call'
  rack (1.5.2) lib/rack/handler/webrick.rb:60:in `service'
  /Users/codus/.rvm/rubies/ruby-2.1.1/lib/ruby/2.1.0/webrick/httpserver.rb:138:in `service'
  /Users/codus/.rvm/rubies/ruby-2.1.1/lib/ruby/2.1.0/webrick/httpserver.rb:94:in `run'
  /Users/codus/.rvm/rubies/ruby-2.1.1/lib/ruby/2.1.0/webrick/server.rb:295:in `block in start_thread'




Started GET "/" for 127.0.0.1 at 2014-04-03 14:41:55 -0300
Processing by ApplicationController#index as HTML
  Rendered application/_text/_my_partial.html.slim (0.1ms)
  Rendered application/_text/_my_partial.html.slim (0.1ms)
  Rendered application/test.html.slim within layouts/application (4.4ms)
  Rendered application/_text/_my_partial.html.slim (0.0ms)
  Rendered application/_text/_my_partial.html.slim (0.0ms)
  Rendered application/test.html.slim within layouts/application (1.3ms)
Completed 200 OK in 44ms (Views: 44.0ms | ActiveRecord: 0.0ms)


Started GET "/stylesheets/init_ace_admin2.css" for 127.0.0.1 at 2014-04-03 14:41:55 -0300

ActionController::RoutingError (No route matches [GET] "/stylesheets/init_ace_admin2.css"):
  actionpack (4.1.0.rc2) lib/action_dispatch/middleware/debug_exceptions.rb:21:in `call'
  actionpack (4.1.0.rc2) lib/action_dispatch/middleware/show_exceptions.rb:30:in `call'
  railties (4.1.0.rc2) lib/rails/rack/logger.rb:38:in `call_app'
  railties (4.1.0.rc2) lib/rails/rack/logger.rb:20:in `block in call'
  activesupport (4.1.0.rc2) lib/active_support/tagged_logging.rb:68:in `block in tagged'
  activesupport (4.1.0.rc2) lib/active_support/tagged_logging.rb:26:in `tagged'
  activesupport (4.1.0.rc2) lib/active_support/tagged_logging.rb:68:in `tagged'
  railties (4.1.0.rc2) lib/rails/rack/logger.rb:20:in `call'
  actionpack (4.1.0.rc2) lib/action_dispatch/middleware/request_id.rb:21:in `call'
  rack (1.5.2) lib/rack/methodoverride.rb:21:in `call'
  rack (1.5.2) lib/rack/runtime.rb:17:in `call'
  activesupport (4.1.0.rc2) lib/active_support/cache/strategy/local_cache_middleware.rb:26:in `call'
  rack (1.5.2) lib/rack/lock.rb:17:in `call'
  actionpack (4.1.0.rc2) lib/action_dispatch/middleware/static.rb:64:in `call'
  rack (1.5.2) lib/rack/sendfile.rb:112:in `call'
  railties (4.1.0.rc2) lib/rails/engine.rb:515:in `call'
  railties (4.1.0.rc2) lib/rails/application.rb:142:in `call'
  rack (1.5.2) lib/rack/lock.rb:17:in `call'
  rack (1.5.2) lib/rack/content_length.rb:14:in `call'
  rack (1.5.2) lib/rack/handler/webrick.rb:60:in `service'
  /Users/codus/.rvm/rubies/ruby-2.1.1/lib/ruby/2.1.0/webrick/httpserver.rb:138:in `service'
  /Users/codus/.rvm/rubies/ruby-2.1.1/lib/ruby/2.1.0/webrick/httpserver.rb:94:in `run'
  /Users/codus/.rvm/rubies/ruby-2.1.1/lib/ruby/2.1.0/webrick/server.rb:295:in `block in start_thread'




Started GET "/stylesheets/init_ace_admin1.css" for 127.0.0.1 at 2014-04-03 14:41:55 -0300

ActionController::RoutingError (No route matches [GET] "/stylesheets/init_ace_admin1.css"):
  actionpack (4.1.0.rc2) lib/action_dispatch/middleware/debug_exceptions.rb:21:in `call'
  actionpack (4.1.0.rc2) lib/action_dispatch/middleware/show_exceptions.rb:30:in `call'
  railties (4.1.0.rc2) lib/rails/rack/logger.rb:38:in `call_app'
  railties (4.1.0.rc2) lib/rails/rack/logger.rb:20:in `block in call'
  activesupport (4.1.0.rc2) lib/active_support/tagged_logging.rb:68:in `block in tagged'
  activesupport (4.1.0.rc2) lib/active_support/tagged_logging.rb:26:in `tagged'
  activesupport (4.1.0.rc2) lib/active_support/tagged_logging.rb:68:in `tagged'
  railties (4.1.0.rc2) lib/rails/rack/logger.rb:20:in `call'
  actionpack (4.1.0.rc2) lib/action_dispatch/middleware/request_id.rb:21:in `call'
  rack (1.5.2) lib/rack/methodoverride.rb:21:in `call'
  rack (1.5.2) lib/rack/runtime.rb:17:in `call'
  activesupport (4.1.0.rc2) lib/active_support/cache/strategy/local_cache_middleware.rb:26:in `call'
  rack (1.5.2) lib/rack/lock.rb:17:in `call'
  actionpack (4.1.0.rc2) lib/action_dispatch/middleware/static.rb:64:in `call'
  rack (1.5.2) lib/rack/sendfile.rb:112:in `call'
  railties (4.1.0.rc2) lib/rails/engine.rb:515:in `call'
  railties (4.1.0.rc2) lib/rails/application.rb:142:in `call'
  rack (1.5.2) lib/rack/lock.rb:17:in `call'
  rack (1.5.2) lib/rack/content_length.rb:14:in `call'
  rack (1.5.2) lib/rack/handler/webrick.rb:60:in `service'
  /Users/codus/.rvm/rubies/ruby-2.1.1/lib/ruby/2.1.0/webrick/httpserver.rb:138:in `service'
  /Users/codus/.rvm/rubies/ruby-2.1.1/lib/ruby/2.1.0/webrick/httpserver.rb:94:in `run'
  /Users/codus/.rvm/rubies/ruby-2.1.1/lib/ruby/2.1.0/webrick/server.rb:295:in `block in start_thread'




Started GET "/javascripts/init_ace_admin.js" for 127.0.0.1 at 2014-04-03 14:41:55 -0300

ActionController::RoutingError (No route matches [GET] "/javascripts/init_ace_admin.js"):
  actionpack (4.1.0.rc2) lib/action_dispatch/middleware/debug_exceptions.rb:21:in `call'
  actionpack (4.1.0.rc2) lib/action_dispatch/middleware/show_exceptions.rb:30:in `call'
  railties (4.1.0.rc2) lib/rails/rack/logger.rb:38:in `call_app'
  railties (4.1.0.rc2) lib/rails/rack/logger.rb:20:in `block in call'
  activesupport (4.1.0.rc2) lib/active_support/tagged_logging.rb:68:in `block in tagged'
  activesupport (4.1.0.rc2) lib/active_support/tagged_logging.rb:26:in `tagged'
  activesupport (4.1.0.rc2) lib/active_support/tagged_logging.rb:68:in `tagged'
  railties (4.1.0.rc2) lib/rails/rack/logger.rb:20:in `call'
  actionpack (4.1.0.rc2) lib/action_dispatch/middleware/request_id.rb:21:in `call'
  rack (1.5.2) lib/rack/methodoverride.rb:21:in `call'
  rack (1.5.2) lib/rack/runtime.rb:17:in `call'
  activesupport (4.1.0.rc2) lib/active_support/cache/strategy/local_cache_middleware.rb:26:in `call'
  rack (1.5.2) lib/rack/lock.rb:17:in `call'
  actionpack (4.1.0.rc2) lib/action_dispatch/middleware/static.rb:64:in `call'
  rack (1.5.2) lib/rack/sendfile.rb:112:in `call'
  railties (4.1.0.rc2) lib/rails/engine.rb:515:in `call'
  railties (4.1.0.rc2) lib/rails/application.rb:142:in `call'
  rack (1.5.2) lib/rack/lock.rb:17:in `call'
  rack (1.5.2) lib/rack/content_length.rb:14:in `call'
  rack (1.5.2) lib/rack/handler/webrick.rb:60:in `service'
  /Users/codus/.rvm/rubies/ruby-2.1.1/lib/ruby/2.1.0/webrick/httpserver.rb:138:in `service'
  /Users/codus/.rvm/rubies/ruby-2.1.1/lib/ruby/2.1.0/webrick/httpserver.rb:94:in `run'
  /Users/codus/.rvm/rubies/ruby-2.1.1/lib/ruby/2.1.0/webrick/server.rb:295:in `block in start_thread'


